빌드 시작: 2014-12-26 오후 5:02:00
     1>2 노드의 "C:\Users\Administrator\Documents\GitHub\HexViewer\HexViewer\HexViewer.vcxproj" 프로젝트(build 대상)입니다.
     1>InitializeBuildStatus:
         "AlwaysCreate"이(가) 지정되었기 때문에 "Debug\HexViewer.unsuccessfulbuild"을(를) 만들고 있습니다.
       ClCompile:
         c:\Program Files (x86)\Microsoft Visual Studio 10.0\VC\bin\CL.exe /c /ZI /nologo /W3 /WX- /Od /Oy- /D WIN32 /D _DEBUG /D _CONSOLE /D _UNICODE /D UNICODE /Gm /EHsc /RTC1 /MDd /GS /fp:precise /Zc:wchar_t /Zc:forScope /Yc"StdAfx.h" /Fp"Debug\HexViewer.pch" /Fo"Debug\\" /Fd"Debug\vc100.pdb" /Gd /TP /analyze- /errorReport:prompt stdafx.cpp
         stdafx.cpp
         c:\Program Files (x86)\Microsoft Visual Studio 10.0\VC\bin\CL.exe /c /ZI /nologo /W3 /WX- /Od /Oy- /D WIN32 /D _DEBUG /D _CONSOLE /D _UNICODE /D UNICODE /Gm /EHsc /RTC1 /MDd /GS /fp:precise /Zc:wchar_t /Zc:forScope /Yu"StdAfx.h" /Fp"Debug\HexViewer.pch" /Fo"Debug\\" /Fd"Debug\vc100.pdb" /Gd /TP /analyze- /errorReport:prompt CATPacket.cpp FileDescriptor.cpp HTTPConnect.cpp HexViewer.cpp PATPacket.cpp PESPacket.cpp PMTPacket.cpp ServerSocket.cpp TSPacket.cpp
         TSPacket.cpp
     1>c:\users\administrator\documents\github\hexviewer\hexviewer\tspacket.cpp(71): warning C4554: '|' : 연산자 우선 순위에 오류가 있는지 확인하십시오. 괄호를 사용하여 우선 순위를 명확하게 지정하십시오.
         PMTPacket.cpp
     1>c:\users\administrator\documents\github\hexviewer\hexviewer\pmtpacket.cpp(138): warning C4800: 'int' : 'true' 또는 'false'로 bool 값을 강제하고 있습니다(성능 경고).
     1>c:\users\administrator\documents\github\hexviewer\hexviewer\pmtpacket.cpp(202): warning C4258: 'i' : for 루프의 정의가 무시되고 바깥쪽 범위의 정의가 사용됩니다.
                 c:\users\administrator\documents\github\hexviewer\hexviewer\pmtpacket.cpp(170) : 'i' 정의가 무시됩니다.
                 c:\users\administrator\documents\github\hexviewer\hexviewer\pmtpacket.cpp(179) : 'i' 정의가 사용됩니다.
     1>c:\users\administrator\documents\github\hexviewer\hexviewer\pmtpacket.cpp(203): warning C4258: 'i' : for 루프의 정의가 무시되고 바깥쪽 범위의 정의가 사용됩니다.
                 c:\users\administrator\documents\github\hexviewer\hexviewer\pmtpacket.cpp(170) : 'i' 정의가 무시됩니다.
                 c:\users\administrator\documents\github\hexviewer\hexviewer\pmtpacket.cpp(179) : 'i' 정의가 사용됩니다.
     1>c:\users\administrator\documents\github\hexviewer\hexviewer\pmtpacket.cpp(204): warning C4258: 'i' : for 루프의 정의가 무시되고 바깥쪽 범위의 정의가 사용됩니다.
                 c:\users\administrator\documents\github\hexviewer\hexviewer\pmtpacket.cpp(170) : 'i' 정의가 무시됩니다.
                 c:\users\administrator\documents\github\hexviewer\hexviewer\pmtpacket.cpp(179) : 'i' 정의가 사용됩니다.
         PESPacket.cpp
     1>c:\users\administrator\documents\github\hexviewer\hexviewer\pespacket.cpp(117): warning C4800: 'int' : 'true' 또는 'false'로 bool 값을 강제하고 있습니다(성능 경고).
     1>c:\users\administrator\documents\github\hexviewer\hexviewer\pespacket.cpp(118): warning C4800: 'int' : 'true' 또는 'false'로 bool 값을 강제하고 있습니다(성능 경고).
     1>c:\users\administrator\documents\github\hexviewer\hexviewer\pespacket.cpp(119): warning C4800: 'int' : 'true' 또는 'false'로 bool 값을 강제하고 있습니다(성능 경고).
     1>c:\users\administrator\documents\github\hexviewer\hexviewer\pespacket.cpp(124): warning C4800: 'int' : 'true' 또는 'false'로 bool 값을 강제하고 있습니다(성능 경고).
     1>c:\users\administrator\documents\github\hexviewer\hexviewer\pespacket.cpp(125): warning C4800: 'int' : 'true' 또는 'false'로 bool 값을 강제하고 있습니다(성능 경고).
     1>c:\users\administrator\documents\github\hexviewer\hexviewer\pespacket.cpp(126): warning C4800: 'int' : 'true' 또는 'false'로 bool 값을 강제하고 있습니다(성능 경고).
     1>c:\users\administrator\documents\github\hexviewer\hexviewer\pespacket.cpp(127): warning C4800: 'int' : 'true' 또는 'false'로 bool 값을 강제하고 있습니다(성능 경고).
     1>c:\users\administrator\documents\github\hexviewer\hexviewer\pespacket.cpp(128): warning C4800: 'int' : 'true' 또는 'false'로 bool 값을 강제하고 있습니다(성능 경고).
     1>c:\users\administrator\documents\github\hexviewer\hexviewer\pespacket.cpp(198): warning C4800: 'int' : 'true' 또는 'false'로 bool 값을 강제하고 있습니다(성능 경고).
     1>c:\users\administrator\documents\github\hexviewer\hexviewer\pespacket.cpp(209): warning C4800: 'int' : 'true' 또는 'false'로 bool 값을 강제하고 있습니다(성능 경고).
     1>c:\users\administrator\documents\github\hexviewer\hexviewer\pespacket.cpp(234): warning C4800: 'int' : 'true' 또는 'false'로 bool 값을 강제하고 있습니다(성능 경고).
     1>c:\users\administrator\documents\github\hexviewer\hexviewer\pespacket.cpp(235): warning C4800: 'int' : 'true' 또는 'false'로 bool 값을 강제하고 있습니다(성능 경고).
     1>c:\users\administrator\documents\github\hexviewer\hexviewer\pespacket.cpp(236): warning C4800: 'int' : 'true' 또는 'false'로 bool 값을 강제하고 있습니다(성능 경고).
     1>c:\users\administrator\documents\github\hexviewer\hexviewer\pespacket.cpp(237): warning C4800: 'int' : 'true' 또는 'false'로 bool 값을 강제하고 있습니다(성능 경고).
     1>c:\users\administrator\documents\github\hexviewer\hexviewer\pespacket.cpp(244): warning C4293: '<<' : 시프트 횟수가 음수이거나 너무 큽니다. 정의되지 않은 동작입니다.
     1>c:\users\administrator\documents\github\hexviewer\hexviewer\pespacket.cpp(245): warning C4293: '<<' : 시프트 횟수가 음수이거나 너무 큽니다. 정의되지 않은 동작입니다.
     1>c:\users\administrator\documents\github\hexviewer\hexviewer\pespacket.cpp(246): warning C4293: '<<' : 시프트 횟수가 음수이거나 너무 큽니다. 정의되지 않은 동작입니다.
     1>c:\users\administrator\documents\github\hexviewer\hexviewer\pespacket.cpp(247): warning C4293: '<<' : 시프트 횟수가 음수이거나 너무 큽니다. 정의되지 않은 동작입니다.
     1>c:\users\administrator\documents\github\hexviewer\hexviewer\pespacket.cpp(253): warning C4293: '<<' : 시프트 횟수가 음수이거나 너무 큽니다. 정의되지 않은 동작입니다.
     1>c:\users\administrator\documents\github\hexviewer\hexviewer\pespacket.cpp(254): warning C4293: '<<' : 시프트 횟수가 음수이거나 너무 큽니다. 정의되지 않은 동작입니다.
     1>c:\users\administrator\documents\github\hexviewer\hexviewer\pespacket.cpp(255): warning C4293: '<<' : 시프트 횟수가 음수이거나 너무 큽니다. 정의되지 않은 동작입니다.
     1>c:\users\administrator\documents\github\hexviewer\hexviewer\pespacket.cpp(256): warning C4293: '<<' : 시프트 횟수가 음수이거나 너무 큽니다. 정의되지 않은 동작입니다.
     1>c:\users\administrator\documents\github\hexviewer\hexviewer\pespacket.cpp(275): warning C4800: 'int' : 'true' 또는 'false'로 bool 값을 강제하고 있습니다(성능 경고).
     1>c:\users\administrator\documents\github\hexviewer\hexviewer\pespacket.cpp(282): warning C4800: 'int' : 'true' 또는 'false'로 bool 값을 강제하고 있습니다(성능 경고).
         PATPacket.cpp
     1>c:\users\administrator\documents\github\hexviewer\hexviewer\patpacket.cpp(97): warning C4800: 'int' : 'true' 또는 'false'로 bool 값을 강제하고 있습니다(성능 경고).
         CATPacket.cpp
     1>c:\users\administrator\documents\github\hexviewer\hexviewer\catpacket.cpp(77): warning C4800: 'int' : 'true' 또는 'false'로 bool 값을 강제하고 있습니다(성능 경고).
         코드를 생성하고 있습니다...
         건너뛰고 있습니다... (관련된 변경 내용 없음)
         ServerSocket.cpp
         HexViewer.cpp
         HTTPConnect.cpp
         FileDescriptor.cpp
       ManifestResourceCompile:
         모든 출력이 최신 상태입니다.
       Link:
         c:\Program Files (x86)\Microsoft Visual Studio 10.0\VC\bin\link.exe /ERRORREPORT:PROMPT /OUT:"C:\Users\Administrator\Documents\GitHub\HexViewer\Debug\HexViewer.exe" /INCREMENTAL /NOLOGO kernel32.lib user32.lib gdi32.lib winspool.lib comdlg32.lib advapi32.lib shell32.lib ole32.lib oleaut32.lib uuid.lib odbc32.lib odbccp32.lib /MANIFEST /ManifestFile:"Debug\HexViewer.exe.intermediate.manifest" /MANIFESTUAC:"level='asInvoker' uiAccess='false'" /DEBUG /PDB:"C:\Users\Administrator\Documents\GitHub\HexViewer\Debug\HexViewer.pdb" /SUBSYSTEM:CONSOLE /TLBID:1 /DYNAMICBASE /NXCOMPAT /IMPLIB:"C:\Users\Administrator\Documents\GitHub\HexViewer\Debug\HexViewer.lib" /MACHINE:X86 Debug\HexViewer.exe.embed.manifest.res
         Debug\CATPacket.obj
         Debug\FileDescriptor.obj
         Debug\HexViewer.obj
         Debug\HTTPConnect.obj
         Debug\PATPacket.obj
         Debug\PESPacket.obj
         Debug\PMTPacket.obj
         Debug\ServerSocket.obj
         Debug\stdafx.obj
         Debug\TSPacket.obj
       Manifest:
         C:\Program Files (x86)\Microsoft SDKs\Windows\v7.0A\bin\mt.exe /nologo /verbose /out:"Debug\HexViewer.exe.embed.manifest" /manifest Debug\HexViewer.exe.intermediate.manifest
         모든 출력이 최신 상태입니다.
       LinkEmbedManifest:
         모든 출력이 최신 상태입니다.
         HexViewer.vcxproj -> C:\Users\Administrator\Documents\GitHub\HexViewer\Debug\HexViewer.exe
       FinalizeBuildStatus:
         "Debug\HexViewer.unsuccessfulbuild" 파일을 삭제하고 있습니다.
         "Debug\HexViewer.lastbuildstate"에 연결(touching)하고 있습니다.
     1>"C:\Users\Administrator\Documents\GitHub\HexViewer\HexViewer\HexViewer.vcxproj" 프로젝트를 빌드했습니다(build 대상).

빌드했습니다.

경과 시간: 00:00:03.26
